Date: Fri Jun 30 2017 17:33:59 GMT-0500 (CDT), Method: GET , URL:  /
Date: Fri Jun 30 2017 17:34:01 GMT-0500 (CDT), Method: GET , URL:  /about
Date: Fri Jun 30 2017 17:34:04 GMT-0500 (CDT), Method: GET , URL:  /
Date: Fri Jun 30 2017 17:36:30 GMT-0500 (CDT), Method: GET , URL:  /
Date: Fri Jun 30 2017 17:36:36 GMT-0500 (CDT), Method: GET , URL:  /bad
Date: Fri Jun 30 2017 17:36:40 GMT-0500 (CDT), Method: GET , URL:  /p
Date: Fri Jun 30 2017 17:37:07 GMT-0500 (CDT), Method: GET , URL:  /
Date: Fri Jun 30 2017 17:45:25 GMT-0500 (CDT), Method: GET , URL:  /
Date: Fri Jun 30 2017 17:45:31 GMT-0500 (CDT), Method: GET , URL:  /about
Date: Fri Jun 30 2017 17:47:07 GMT-0500 (CDT), Method: GET , URL:  /about
Date: Fri Jun 30 2017 17:47:42 GMT-0500 (CDT), Method: GET , URL:  /about
Date: Fri Jun 30 2017 17:47:44 GMT-0500 (CDT), Method: GET , URL:  /about
Date: Fri Jun 30 2017 17:47:48 GMT-0500 (CDT), Method: GET , URL:  /
Date: Fri Jun 30 2017 17:47:54 GMT-0500 (CDT), Method: GET , URL:  /about
Date: Fri Jun 30 2017 17:48:10 GMT-0500 (CDT), Method: GET , URL:  /about
Date: Fri Jun 30 2017 17:48:12 GMT-0500 (CDT), Method: GET , URL:  /about
Date: Fri Jun 30 2017 17:48:20 GMT-0500 (CDT), Method: GET , URL:  /
Date: Fri Jun 30 2017 17:53:31 GMT-0500 (CDT), Method: GET , URL:  /help.html
Date: Fri Jun 30 2017 17:53:35 GMT-0500 (CDT), Method: GET , URL:  /help.html
Date: Fri Jun 30 2017 17:53:36 GMT-0500 (CDT), Method: GET , URL:  /help.html
Date: Fri Jun 30 2017 17:53:37 GMT-0500 (CDT), Method: GET , URL:  /help.html
Date: Fri Jun 30 2017 17:53:37 GMT-0500 (CDT), Method: GET , URL:  /help.html
Date: Fri Jun 30 2017 17:53:41 GMT-0500 (CDT), Method: GET , URL:  /
Date: Fri Jun 30 2017 17:53:47 GMT-0500 (CDT), Method: GET , URL:  /help.html
Date: Fri Jun 30 2017 17:54:36 GMT-0500 (CDT), Method: GET , URL:  /help.html
Date: Fri Jun 30 2017 17:54:39 GMT-0500 (CDT), Method: GET , URL:  /help.html
Date: Fri Jun 30 2017 17:54:40 GMT-0500 (CDT), Method: GET , URL:  /help.html
Date: Fri Jun 30 2017 17:54:40 GMT-0500 (CDT), Method: GET , URL:  /help.html
Date: Fri Jun 30 2017 17:54:41 GMT-0500 (CDT), Method: GET , URL:  /help.html
Date: Fri Jun 30 2017 17:54:41 GMT-0500 (CDT), Method: GET , URL:  /help.html
Date: Fri Jun 30 2017 17:54:41 GMT-0500 (CDT), Method: GET , URL:  /help.html
Date: Fri Jun 30 2017 17:54:41 GMT-0500 (CDT), Method: GET , URL:  /help.html
Date: Fri Jun 30 2017 17:54:41 GMT-0500 (CDT), Method: GET , URL:  /help.html
Date: Fri Jun 30 2017 17:54:41 GMT-0500 (CDT), Method: GET , URL:  /help.html
Date: Fri Jun 30 2017 17:54:42 GMT-0500 (CDT), Method: GET , URL:  /help.html
Date: Fri Jun 30 2017 17:54:42 GMT-0500 (CDT), Method: GET , URL:  /help.html
Date: Fri Jun 30 2017 17:54:42 GMT-0500 (CDT), Method: GET , URL:  /help.html
Date: Fri Jun 30 2017 17:54:42 GMT-0500 (CDT), Method: GET , URL:  /help.html
Date: Fri Jun 30 2017 17:54:42 GMT-0500 (CDT), Method: GET , URL:  /help.html
Date: Fri Jun 30 2017 17:54:42 GMT-0500 (CDT), Method: GET , URL:  /help.html
Date: Fri Jun 30 2017 17:54:43 GMT-0500 (CDT), Method: GET , URL:  /help.html
Date: Fri Jun 30 2017 17:54:43 GMT-0500 (CDT), Method: GET , URL:  /help.html
Date: Fri Jun 30 2017 17:54:43 GMT-0500 (CDT), Method: GET , URL:  /help.html
Date: Fri Jun 30 2017 17:54:43 GMT-0500 (CDT), Method: GET , URL:  /help.html
Date: Fri Jun 30 2017 17:54:43 GMT-0500 (CDT), Method: GET , URL:  /help.html
Date: Fri Jun 30 2017 17:54:43 GMT-0500 (CDT), Method: GET , URL:  /help.html
Date: Fri Jun 30 2017 17:54:43 GMT-0500 (CDT), Method: GET , URL:  /help.html
Date: Fri Jun 30 2017 17:54:44 GMT-0500 (CDT), Method: GET , URL:  /help.html
Date: Fri Jun 30 2017 17:54:44 GMT-0500 (CDT), Method: GET , URL:  /help.html
Date: Fri Jun 30 2017 17:54:44 GMT-0500 (CDT), Method: GET , URL:  /help.html
Date: Fri Jun 30 2017 17:54:44 GMT-0500 (CDT), Method: GET , URL:  /help.html
Date: Fri Jun 30 2017 17:54:44 GMT-0500 (CDT), Method: GET , URL:  /help.html
Date: Fri Jun 30 2017 17:54:44 GMT-0500 (CDT), Method: GET , URL:  /help.html
Date: Fri Jun 30 2017 17:54:45 GMT-0500 (CDT), Method: GET , URL:  /help.html
Date: Fri Jun 30 2017 17:54:45 GMT-0500 (CDT), Method: GET , URL:  /help.html
Date: Fri Jun 30 2017 17:54:45 GMT-0500 (CDT), Method: GET , URL:  /help.html
Date: Fri Jun 30 2017 17:54:45 GMT-0500 (CDT), Method: GET , URL:  /help.html
Date: Fri Jun 30 2017 17:54:45 GMT-0500 (CDT), Method: GET , URL:  /help.html
Date: Fri Jun 30 2017 17:54:45 GMT-0500 (CDT), Method: GET , URL:  /help.html
Date: Fri Jun 30 2017 17:54:46 GMT-0500 (CDT), Method: GET , URL:  /help.html
Date: Fri Jun 30 2017 17:54:46 GMT-0500 (CDT), Method: GET , URL:  /help.html
Date: Fri Jun 30 2017 17:54:46 GMT-0500 (CDT), Method: GET , URL:  /help.html
